{"level":"error","message":"Wed Jan 18 2023 21:38:09 GMT+0530 (India Standard Time)-{}","private":true}
{"level":"error","message":"Wed Jan 18 2023 21:39:56 GMT+0530 (India Standard Time)-{}","private":true}
{"level":"error","message":"Wed Jan 18 2023 21:41:04 GMT+0530 (India Standard Time)-{}","private":true}
{"level":"error","message":"Wed Jan 18 2023 21:50:15 GMT+0530 (India Standard Time)-{}","private":true}
{"level":"error","message":"Wed Jan 18 2023 21:52:10 GMT+0530 (India Standard Time)-{}","private":true}
{"level":"error","message":"Wed Jan 18 2023 21:54:17 GMT+0530 (India Standard Time)-{}","private":true}
{"level":"error","message":"Thu Jan 19 2023 13:08:13 GMT+0530 (India Standard Time)-{}","private":true}
{"level":"error","message":"Thu Jan 19 2023 13:11:06 GMT+0530 (India Standard Time)-{}","private":true}
{"level":"error","message":"Thu Jan 19 2023 13:14:05 GMT+0530 (India Standard Time)-{}","private":true}
{"level":"error","message":"Thu Jan 19 2023 13:19:10 GMT+0530 (India Standard Time)-{}","private":true}
{"level":"error","message":"Thu Jan 19 2023 13:21:56 GMT+0530 (India Standard Time)-{}","private":true}
{"level":"error","message":"Thu Jan 19 2023 13:22:44 GMT+0530 (India Standard Time)-{}","private":true}
{"level":"error","message":"Thu Jan 19 2023 13:24:15 GMT+0530 (India Standard Time)-{}","private":true}
{"level":"error","message":"Thu Jan 19 2023 13:24:58 GMT+0530 (India Standard Time)-{}","private":true}
{"level":"error","message":"Thu Jan 19 2023 13:26:59 GMT+0530 (India Standard Time)-{}","private":true}
{"level":"error","message":"Thu Jan 19 2023 13:28:03 GMT+0530 (India Standard Time)-{}","private":true}
{"level":"error","message":"Thu Jan 19 2023 13:29:49 GMT+0530 (India Standard Time)-{}","private":true}
{"level":"error","message":"Thu Jan 26 2023 09:13:09 GMT+0000 (Coordinated Universal Time)-{}","private":true}
{"level":"error","message":"Thu Jan 26 2023 09:17:41 GMT+0000 (Coordinated Universal Time)-{}","private":true}
{"level":"error","message":"Thu Jan 26 2023 09:22:58 GMT+0000 (Coordinated Universal Time)-{}","private":true}
{"level":"error","message":"Thu Jan 26 2023 09:32:02 GMT+0000 (Coordinated Universal Time)-{}","private":true}
{"level":"error","message":"Sat Feb 18 2023 06:13:31 GMT+0000 (Coordinated Universal Time)-{}","private":true}
{"level":"error","message":"Sat Feb 18 2023 06:19:41 GMT+0000 (Coordinated Universal Time)-{}","private":true}
{"level":"error","message":"Sat Feb 18 2023 06:26:58 GMT+0000 (Coordinated Universal Time)-{}","private":true}
{"level":"error","message":"Tue Feb 21 2023 15:53:34 GMT+0000 (Coordinated Universal Time)-{}","private":true}
{"level":"error","message":"Tue Feb 21 2023 15:55:29 GMT+0000 (Coordinated Universal Time)-{}","private":true}
{"level":"error","message":"Tue Feb 21 2023 15:57:31 GMT+0000 (Coordinated Universal Time)-{}","private":true}
{"level":"error","message":"Tue Feb 21 2023 17:53:11 GMT+0000 (Coordinated Universal Time)-{}","private":true}
{"level":"error","message":"Thu Feb 23 2023 17:05:00 GMT+0000 (Coordinated Universal Time)-{}","private":true}
{"level":"error","message":"Sat Feb 25 2023 14:56:50 GMT+0000 (Coordinated Universal Time)-{}","private":true}
